[2023-10-29 09:10:23] local.ERROR: SQLSTATE[HY000] [2002] php_network_getaddresses: getaddrinfo failed: Este host não é conhecido.  (SQL: select * from information_schema.tables where table_schema = if0_35297701_dbchatty and table_name = migrations and table_type = 'BASE TABLE') null 
[2023-10-29 09:12:07] local.ERROR: SQLSTATE[42S01]: Base table or view already exists: 1050 Table 'admin_users' already exists (SQL: create table `admin_users` (`id` int unsigned not null auto_increment primary key, `username` varchar(190) not null, `password` varchar(60) not null, `name` varchar(191) not null, `avatar` varchar(191) null, `remember_token` varchar(100) null, `created_at` timestamp null, `updated_at` timestamp null) default character set utf8mb4 collate 'utf8mb4_unicode_ci') {"exception":"[object] (Illuminate\\Database\\QueryException(code: 42S01): SQLSTATE[42S01]: Base table or view already exists: 1050 Table 'admin_users' already exists (SQL: create table `admin_users` (`id` int unsigned not null auto_increment primary key, `username` varchar(190) not null, `password` varchar(60) not null, `name` varchar(191) not null, `avatar` varchar(191) null, `remember_token` varchar(100) null, `created_at` timestamp null, `updated_at` timestamp null) default character set utf8mb4 collate 'utf8mb4_unicode_ci') at C:\\Users\\Bruno\\Downloads\\chatty-app-code\\smhelp.wuaze.com\\vendor\\laravel\\framework\\src\\Illuminate\\Database\\Connection.php:664, Doctrine\\DBAL\\Driver\\PDO\\Exception(code: 42S01): SQLSTATE[42S01]: Base table or view already exists: 1050 Table 'admin_users' already exists at C:\\Users\\Bruno\\Downloads\\chatty-app-code\\smhelp.wuaze.com\\vendor\\doctrine\\dbal\\lib\\Doctrine\\DBAL\\Driver\\PDO\\Exception.php:18, PDOException(code: 42S01): SQLSTATE[42S01]: Base table or view already exists: 1050 Table 'admin_users' already exists at C:\\Users\\Bruno\\Downloads\\chatty-app-code\\smhelp.wuaze.com\\vendor\\doctrine\\dbal\\lib\\Doctrine\\DBAL\\Driver\\PDOStatement.php:117)
[stacktrace]
#0 C:\\Users\\Bruno\\Downloads\\chatty-app-code\\smhelp.wuaze.com\\vendor\\laravel\\framework\\src\\Illuminate\\Database\\Connection.php(624): Illuminate\\Database\\Connection->runQueryCallback('create table `a...', Array, Object(Closure))
#1 C:\\Users\\Bruno\\Downloads\\chatty-app-code\\smhelp.wuaze.com\\vendor\\laravel\\framework\\src\\Illuminate\\Database\\Connection.php(459): Illuminate\\Database\\Connection->run('create table `a...', Array, Object(Closure))
#2 C:\\Users\\Bruno\\Downloads\\chatty-app-code\\smhelp.wuaze.com\\vendor\\laravel\\framework\\src\\Illuminate\\Database\\Schema\\Blueprint.php(97): Illuminate\\Database\\Connection->statement('create table `a...')
#3 C:\\Users\\Bruno\\Downloads\\chatty-app-code\\smhelp.wuaze.com\\vendor\\laravel\\framework\\src\\Illuminate\\Database\\Schema\\Builder.php(278): Illuminate\\Database\\Schema\\Blueprint->build(Object(Illuminate\\Database\\MySqlConnection), Object(Illuminate\\Database\\Schema\\Grammars\\MySqlGrammar))
#4 C:\\Users\\Bruno\\Downloads\\chatty-app-code\\smhelp.wuaze.com\\vendor\\laravel\\framework\\src\\Illuminate\\Database\\Schema\\Builder.php(167): Illuminate\\Database\\Schema\\Builder->build(Object(Illuminate\\Database\\Schema\\Blueprint))
#5 C:\\Users\\Bruno\\Downloads\\chatty-app-code\\smhelp.wuaze.com\\vendor\\laravel\\framework\\src\\Illuminate\\Support\\Facades\\Facade.php(239): Illuminate\\Database\\Schema\\Builder->create('admin_users', Object(Closure))
#6 C:\\Users\\Bruno\\Downloads\\chatty-app-code\\smhelp.wuaze.com\\database\\migrations\\2016_01_04_173148_create_admin_tables.php(32): Illuminate\\Support\\Facades\\Facade::__callStatic('create', Array)
#7 C:\\Users\\Bruno\\Downloads\\chatty-app-code\\smhelp.wuaze.com\\vendor\\laravel\\framework\\src\\Illuminate\\Database\\Migrations\\Migrator.php(387): CreateAdminTables->up()
#8 C:\\Users\\Bruno\\Downloads\\chatty-app-code\\smhelp.wuaze.com\\vendor\\laravel\\framework\\src\\Illuminate\\Database\\Migrations\\Migrator.php(396): Illuminate\\Database\\Migrations\\Migrator->Illuminate\\Database\\Migrations\\{closure}()
#9 C:\\Users\\Bruno\\Downloads\\chatty-app-code\\smhelp.wuaze.com\\vendor\\laravel\\framework\\src\\Illuminate\\Database\\Migrations\\Migrator.php(197): Illuminate\\Database\\Migrations\\Migrator->runMigration(Object(CreateAdminTables), 'up')
#10 C:\\Users\\Bruno\\Downloads\\chatty-app-code\\smhelp.wuaze.com\\vendor\\laravel\\framework\\src\\Illuminate\\Database\\Migrations\\Migrator.php(162): Illuminate\\Database\\Migrations\\Migrator->runUp('C:\\\\Users\\\\Bruno\\\\...', 2, false)
#11 C:\\Users\\Bruno\\Downloads\\chatty-app-code\\smhelp.wuaze.com\\vendor\\laravel\\framework\\src\\Illuminate\\Database\\Migrations\\Migrator.php(109): Illuminate\\Database\\Migrations\\Migrator->runPending(Array, Array)
#12 C:\\Users\\Bruno\\Downloads\\chatty-app-code\\smhelp.wuaze.com\\vendor\\laravel\\framework\\src\\Illuminate\\Database\\Console\\Migrations\\MigrateCommand.php(71): Illuminate\\Database\\Migrations\\Migrator->run(Array, Array)
#13 [internal function]: Illuminate\\Database\\Console\\Migrations\\MigrateCommand->handle()
#14 C:\\Users\\Bruno\\Downloads\\chatty-app-code\\smhelp.wuaze.com\\vendor\\laravel\\framework\\src\\Illuminate\\Container\\BoundMethod.php(32): call_user_func_array(Array, Array)
#15 C:\\Users\\Bruno\\Downloads\\chatty-app-code\\smhelp.wuaze.com\\vendor\\laravel\\framework\\src\\Illuminate\\Container\\BoundMethod.php(90): Illuminate\\Container\\BoundMethod::Illuminate\\Container\\{closure}()
#16 C:\\Users\\Bruno\\Downloads\\chatty-app-code\\smhelp.wuaze.com\\vendor\\laravel\\framework\\src\\Illuminate\\Container\\BoundMethod.php(34): Illuminate\\Container\\BoundMethod::callBoundMethod(Object(Illuminate\\Foundation\\Application), Array, Object(Closure))
#17 C:\\Users\\Bruno\\Downloads\\chatty-app-code\\smhelp.wuaze.com\\vendor\\laravel\\framework\\src\\Illuminate\\Container\\Container.php(576): Illuminate\\Container\\BoundMethod::call(Object(Illuminate\\Foundation\\Application), Array, Array, NULL)
#18 C:\\Users\\Bruno\\Downloads\\chatty-app-code\\smhelp.wuaze.com\\vendor\\laravel\\framework\\src\\Illuminate\\Console\\Command.php(183): Illuminate\\Container\\Container->call(Array)
#19 C:\\Users\\Bruno\\Downloads\\chatty-app-code\\smhelp.wuaze.com\\vendor\\symfony\\console\\Command\\Command.php(255): Illuminate\\Console\\Command->execute(Object(Symfony\\Component\\Console\\Input\\ArgvInput), Object(Illuminate\\Console\\OutputStyle))
#20 C:\\Users\\Bruno\\Downloads\\chatty-app-code\\smhelp.wuaze.com\\vendor\\laravel\\framework\\src\\Illuminate\\Console\\Command.php(170): Symfony\\Component\\Console\\Command\\Command->run(Object(Symfony\\Component\\Console\\Input\\ArgvInput), Object(Illuminate\\Console\\OutputStyle))
#21 C:\\Users\\Bruno\\Downloads\\chatty-app-code\\smhelp.wuaze.com\\vendor\\symfony\\console\\Application.php(1021): Illuminate\\Console\\Command->run(Object(Symfony\\Component\\Console\\Input\\ArgvInput), Object(Symfony\\Component\\Console\\Output\\ConsoleOutput))
#22 C:\\Users\\Bruno\\Downloads\\chatty-app-code\\smhelp.wuaze.com\\vendor\\symfony\\console\\Application.php(275): Symfony\\Component\\Console\\Application->doRunCommand(Object(Illuminate\\Database\\Console\\Migrations\\MigrateCommand), Object(Symfony\\Component\\Console\\Input\\ArgvInput), Object(Symfony\\Component\\Console\\Output\\ConsoleOutput))
#23 C:\\Users\\Bruno\\Downloads\\chatty-app-code\\smhelp.wuaze.com\\vendor\\symfony\\console\\Application.php(149): Symfony\\Component\\Console\\Application->doRun(Object(Symfony\\Component\\Console\\Input\\ArgvInput), Object(Symfony\\Component\\Console\\Output\\ConsoleOutput))
#24 C:\\Users\\Bruno\\Downloads\\chatty-app-code\\smhelp.wuaze.com\\vendor\\laravel\\framework\\src\\Illuminate\\Console\\Application.php(90): Symfony\\Component\\Console\\Application->run(Object(Symfony\\Component\\Console\\Input\\ArgvInput), Object(Symfony\\Component\\Console\\Output\\ConsoleOutput))
#25 C:\\Users\\Bruno\\Downloads\\chatty-app-code\\smhelp.wuaze.com\\vendor\\laravel\\framework\\src\\Illuminate\\Foundation\\Console\\Kernel.php(133): Illuminate\\Console\\Application->run(Object(Symfony\\Component\\Console\\Input\\ArgvInput), Object(Symfony\\Component\\Console\\Output\\ConsoleOutput))
#26 C:\\Users\\Bruno\\Downloads\\chatty-app-code\\smhelp.wuaze.com\\artisan(37): Illuminate\\Foundation\\Console\\Kernel->handle(Object(Symfony\\Component\\Console\\Input\\ArgvInput), Object(Symfony\\Component\\Console\\Output\\ConsoleOutput))
#27 {main}
"} 
